# JRE version: Java(TM) SE Runtime Environment (9.0+11) (build 9.0.1+11)
# Java VM: Java HotSpot(TM) 64-Bit Server VM (9.0.1+11, mixed mode, tiered, compressed oops, g1 gc, linux-amd64)
Heap:
 garbage-first heap   total 380928K, used 15086K [0x0000000085400000, 0x0000000085500ba0, 0x0000000100000000)
  region size 1024K, 1 young (1024K), 1 survivors (1024K)
 Metaspace       used 19633K, capacity 21332K, committed 21680K, reserved 1069056K
  class space    used 2538K, capacity 2870K, committed 2992K, reserved 1048576K
GC Heap History (9 events):
Event: 5.377 GC heap before
{Heap before GC invocations=0 (full 0):
 garbage-first heap   total 126976K, used 14336K [0x0000000085400000, 0x00000000855003e0, 0x0000000100000000)
  region size 1024K, 14 young (14336K), 0 survivors (0K)
 Metaspace       used 12017K, capacity 12682K, committed 12800K, reserved 1060864K
  class space    used 1291K, capacity 1445K, committed 1536K, reserved 1048576K
}
Event: 5.385 GC heap after
{Heap after GC invocations=1 (full 0):
 garbage-first heap   total 126976K, used 2666K [0x0000000085400000, 0x00000000855003e0, 0x0000000100000000)
  region size 1024K, 2 young (2048K), 2 survivors (2048K)
 Metaspace       used 12017K, capacity 12682K, committed 12800K, reserved 1060864K
  class space    used 1291K, capacity 1445K, committed 1536K, reserved 1048576K
}
Event: 18.588 GC heap before
{Heap before GC invocations=1 (full 0):
 garbage-first heap   total 126976K, used 22122K [0x0000000085400000, 0x00000000855003e0, 0x0000000100000000)
  region size 1024K, 20 young (20480K), 2 survivors (2048K)
 Metaspace       used 19529K, capacity 21240K, committed 21296K, reserved 1067008K
  class space    used 2529K, capacity 2860K, committed 2864K, reserved 1048576K
}
Event: 19.031 GC heap after
{Heap after GC invocations=2 (full 0):
 garbage-first heap   total 126976K, used 8167K [0x0000000085400000, 0x00000000855003e0, 0x0000000100000000)
  region size 1024K, 6 young (6144K), 6 survivors (6144K)
 Metaspace       used 19529K, capacity 21240K, committed 21296K, reserved 1067008K
  class space    used 2529K, capacity 2860K, committed 2864K, reserved 1048576K
}
Event: 27.825 GC heap before
{Heap before GC invocations=3 (full 0):
 garbage-first heap   total 126976K, used 9191K [0x0000000085400000, 0x00000000855003e0, 0x0000000100000000)
  region size 1024K, 7 young (7168K), 6 survivors (6144K)
 Metaspace       used 19612K, capacity 21332K, committed 21680K, reserved 1069056K
  class space    used 2538K, capacity 2870K, committed 2992K, reserved 1048576K
}
Event: 29.816 GC heap after
{Heap after GC invocations=4 (full 0):
 garbage-first heap   total 126976K, used 8870K [0x0000000085400000, 0x00000000855003e0, 0x0000000100000000)
  region size 1024K, 1 young (1024K), 1 survivors (1024K)
 Metaspace       used 19612K, capacity 21332K, committed 21680K, reserved 1069056K
  class space    used 2538K, capacity 2870K, committed 2992K, reserved 1048576K
}
Event: 101.151 GC heap before
{Heap before GC invocations=4 (full 0):
 garbage-first heap   total 126976K, used 13990K [0x0000000085400000, 0x00000000855003e0, 0x0000000100000000)
  region size 1024K, 6 young (6144K), 1 survivors (1024K)
 Metaspace       used 19614K, capacity 21332K, committed 21680K, reserved 1069056K
  class space    used 2538K, capacity 2870K, committed 2992K, reserved 1048576K
}
Event: 103.506 GC heap after
{Heap after GC invocations=5 (full 0):
 garbage-first heap   total 126976K, used 11925K [0x0000000085400000, 0x00000000855003e0, 0x0000000100000000)
  region size 1024K, 1 young (1024K), 1 survivors (1024K)
 Metaspace       used 19614K, capacity 21332K, committed 21680K, reserved 1069056K
  class space    used 2538K, capacity 2870K, committed 2992K, reserved 1048576K
}
Event: 173.034 GC heap before
{Heap before GC invocations=5 (full 0):
 garbage-first heap   total 126976K, used 17045K [0x0000000085400000, 0x00000000855003e0, 0x0000000100000000)
  region size 1024K, 6 young (6144K), 1 survivors (1024K)
 Metaspace       used 19633K, capacity 21332K, committed 21680K, reserved 1069056K
  class space    used 2538K, capacity 2870K, committed 2992K, reserved 1048576K
}

